<?xml version="1.0" encoding="UTF-8"?>
<testsuite xmlns:xsi="http://www.w3.org/2001/XMLSchema-instance" xsi:noNamespaceSchemaLocation="https://maven.apache.org/surefire/maven-surefire-plugin/xsd/surefire-test-report-3.0.xsd" version="3.0" name="fi.altanar.batmob.gui.MobTest" time="0.055" tests="1" errors="0" skipped="0" failures="0">
  <properties>
[...]
</properties>
  <testcase name="testPkills" classname="fi.altanar.batmob.gui.MobTest" time="0.039">
    <system-out><![CDATA[a tiny sparrow|78
An Old Gnarled Willow stands here firmly.|22027
]]></system-out>
  </testcase>
</testsuite>